<?xml version="1.0" encoding="UTF-8"?>
<!-- Generated by org.testng.reporters.JUnitXMLReporter -->
<testsuite ignored="0" hostname="MSI" failures="0" tests="5" name="Command line test" time="50.159" errors="0" timestamp="2021-05-19T19:09:14 IST">
  <testcase classname="Login.LoginTest" name="testErrorMessageOnInvalidLogin" time="10.161"/>
  <testcase classname="Login.LoginTest" name="testLoginIntoSpree" time="6.255"/>
  <testcase classname="Login.LoginTest" name="testSuccessfulMessageOnValidLogin" time="9.948"/>
  <testcase classname="Search.SearchItemTest" name="SearchAnItem" time="10.03"/>
  <testcase classname="Search.SearchItemTest" name="SearchAnItemAndAddToCart" time="13.685"/>
</testsuite> <!-- Command line test -->
