<?xml version="1.0" encoding="UTF-8"?>
<testng-results ignored="0" total="5" passed="5" failed="0" skipped="0">
  <reporter-output>
  </reporter-output>
  <suite started-at="2021-05-19T19:08:23 IST" name="Command line suite" finished-at="2021-05-19T19:09:14 IST" duration-ms="50159">
    <groups>
    </groups>
    <test started-at="2021-05-19T19:08:23 IST" name="Command line test" finished-at="2021-05-19T19:09:14 IST" duration-ms="50159">
      <class name="Search.SearchItemTest">
        <test-method signature="SearchAnItem()[pri:0, instance:Search.SearchItemTest@319b92f3]" started-at="2021-05-19T19:08:50 IST" name="SearchAnItem" finished-at="2021-05-19T19:09:00 IST" duration-ms="10030" status="PASS">
          <reporter-output>
          </reporter-output>
        </test-method> <!-- SearchAnItem -->
        <test-method signature="SearchAnItemAndAddToCart()[pri:0, instance:Search.SearchItemTest@319b92f3]" started-at="2021-05-19T19:09:00 IST" name="SearchAnItemAndAddToCart" finished-at="2021-05-19T19:09:14 IST" duration-ms="13685" status="PASS">
          <reporter-output>
          </reporter-output>
        </test-method> <!-- SearchAnItemAndAddToCart -->
      </class> <!-- Search.SearchItemTest -->
      <class name="Login.LoginTest">
        <test-method signature="testErrorMessageOnInvalidLogin()[pri:0, instance:Login.LoginTest@545997b1]" started-at="2021-05-19T19:08:24 IST" name="testErrorMessageOnInvalidLogin" finished-at="2021-05-19T19:08:34 IST" duration-ms="10161" status="PASS">
          <reporter-output>
          </reporter-output>
        </test-method> <!-- testErrorMessageOnInvalidLogin -->
        <test-method signature="testLoginIntoSpree()[pri:0, instance:Login.LoginTest@545997b1]" started-at="2021-05-19T19:08:34 IST" name="testLoginIntoSpree" finished-at="2021-05-19T19:08:40 IST" duration-ms="6255" status="PASS">
          <reporter-output>
          </reporter-output>
        </test-method> <!-- testLoginIntoSpree -->
        <test-method signature="testSuccessfulMessageOnValidLogin()[pri:0, instance:Login.LoginTest@545997b1]" started-at="2021-05-19T19:08:40 IST" name="testSuccessfulMessageOnValidLogin" finished-at="2021-05-19T19:08:50 IST" duration-ms="9948" status="PASS">
          <reporter-output>
          </reporter-output>
        </test-method> <!-- testSuccessfulMessageOnValidLogin -->
      </class> <!-- Login.LoginTest -->
    </test> <!-- Command line test -->
  </suite> <!-- Command line suite -->
</testng-results>
